This is pdfTeX, Version 3.141592653-2.6-1.40.25 (MiKTeX 23.5) (preloaded format=pdflatex 2023.7.22)  25 JUL 2023 15:25
entering extended mode
 restricted \write18 enabled.
 %&-line parsing enabled.
**./Presentacion.tex
(Presentacion.tex
LaTeX2e <2023-06-01> patch level 1
L3 programming layer <2023-06-30>
(C:\Users\fosythe´s family\New folder\tex/latex/base\article.cls
Document Class: article 2023/05/17 v1.4n Standard LaTeX document class
(C:\Users\fosythe´s family\New folder\tex/latex/base\size10.clo
File: size10.clo 2023/05/17 v1.4n Standard LaTeX file (size option)
)
\c@part=\count185
\c@section=\count186
\c@subsection=\count187
\c@subsubsection=\count188
\c@paragraph=\count189
\c@subparagraph=\count190
\c@figure=\count191
\c@table=\count192
\abovecaptionskip=\skip48
\belowcaptionskip=\skip49
\bibindent=\dimen140
)
(C:\Users\fosythe´s family\New folder\tex/latex/graphics\color.sty
Package: color 2022/01/06 v1.3d Standard LaTeX Color (DPC)

(C:\Users\fosythe´s family\New folder\tex/latex/graphics-cfg\color.cfg
File: color.cfg 2016/01/02 v1.6 sample color configuration
)
Package color Info: Driver file: pdftex.def on input line 149.

(C:\Users\fosythe´s family\New folder\tex/latex/graphics-def\pdftex.def
File: pdftex.def 2022/09/22 v1.2b Graphics/color driver for pdftex
)
(C:\Users\fosythe´s family\New folder\tex/latex/graphics\mathcolor.ltx))
(C:\Users\fosythe´s family\New folder\tex/latex/graphics\graphicx.sty
Package: graphicx 2021/09/16 v1.2d Enhanced LaTeX Graphics (DPC,SPQR)

(C:\Users\fosythe´s family\New folder\tex/latex/graphics\keyval.sty
Package: keyval 2022/05/29 v1.15 key=value parser (DPC)
\KV@toks@=\toks17
)
(C:\Users\fosythe´s family\New folder\tex/latex/graphics\graphics.sty
Package: graphics 2022/03/10 v1.4e Standard LaTeX Graphics (DPC,SPQR)

(C:\Users\fosythe´s family\New folder\tex/latex/graphics\trig.sty
Package: trig 2021/08/11 v1.11 sin cos tan (DPC)
)
(C:\Users\fosythe´s family\New folder\tex/latex/graphics-cfg\graphics.cfg
File: graphics.cfg 2016/06/04 v1.11 sample graphics configuration
)
Package graphics Info: Driver file: pdftex.def on input line 107.
)
\Gin@req@height=\dimen141
\Gin@req@width=\dimen142
)
(C:\Users\fosythe´s family\New folder\tex/latex/l3backend\l3backend-pdftex.def
File: l3backend-pdftex.def 2023-04-19 L3 backend support: PDF output (pdfTeX)
\l__color_backend_stack_int=\count193
\l__pdf_internal_box=\box51
) (Presentacion.aux)
\openout1 = `Presentacion.aux'.

LaTeX Font Info:    Checking defaults for OML/cmm/m/it on input line 4.
LaTeX Font Info:    ... okay on input line 4.
LaTeX Font Info:    Checking defaults for OMS/cmsy/m/n on input line 4.
LaTeX Font Info:    ... okay on input line 4.
LaTeX Font Info:    Checking defaults for OT1/cmr/m/n on input line 4.
LaTeX Font Info:    ... okay on input line 4.
LaTeX Font Info:    Checking defaults for T1/cmr/m/n on input line 4.
LaTeX Font Info:    ... okay on input line 4.
LaTeX Font Info:    Checking defaults for TS1/cmr/m/n on input line 4.
LaTeX Font Info:    ... okay on input line 4.
LaTeX Font Info:    Checking defaults for OMX/cmex/m/n on input line 4.
LaTeX Font Info:    ... okay on input line 4.
LaTeX Font Info:    Checking defaults for U/cmr/m/n on input line 4.
LaTeX Font Info:    ... okay on input line 4.

(C:\Users\fosythe´s family\New folder\tex/context/base/mkii\supp-pdf.mkii
[Loading MPS to PDF converter (version 2006.09.02).]
\scratchcounter=\count194
\scratchdimen=\dimen143
\scratchbox=\box52
\nofMPsegments=\count195
\nofMParguments=\count196
\everyMPshowfont=\toks18
\MPscratchCnt=\count197
\MPscratchDim=\dimen144
\MPnumerator=\count198
\makeMPintoPDFobject=\count199
\everyMPtoPDFconversion=\toks19
)
(C:\Users\fosythe´s family\New folder\tex/latex/epstopdf-pkg\epstopdf-base.sty
Package: epstopdf-base 2020-01-24 v2.11 Base part for package epstopdf
Package epstopdf-base Info: Redefining graphics rule for `.eps' on input line 4
85.
(C:\Users\fosythe´s family\New folder\tex/latex/00miktex\epstopdf-sys.cfg
File: epstopdf-sys.cfg 2021/03/18 v2.0 Configuration of epstopdf for MiKTeX
))
LaTeX Font Info:    External font `cmex10' loaded for size
(Font)              <20.74> on input line 5.
LaTeX Font Info:    External font `cmex10' loaded for size
(Font)              <14.4> on input line 5.
LaTeX Font Info:    External font `cmex10' loaded for size
(Font)              <12> on input line 5.
LaTeX Font Info:    External font `cmex10' loaded for size
(Font)              <7> on input line 9.

Overfull \hbox (3.34392pt too wide) in paragraph at lines 25--27
\OT1/cmr/m/n/14.4 cap^^S^^Ptulos, sec-ciones, no-tas, bib-li-ograf^^S^^Pa, ^^S^
^Pndices anal^^S^^Pticos,
 []


Overfull \hbox (7.88722pt too wide) in paragraph at lines 25--27
\OT1/cmr/m/n/14.4 etc.), lo cual brinda co-mo-di-dad y lo hace ^^Sutil para art
^^S^^Pculos
 []

[1

{C:/Users/fosythe´s family/AppData/Local/MiKTeX/fonts/map/pdftex/pdftex.map}] 
[2]
<codigouno.jpg.jpeg, id=11, 990.70125pt x 613.29124pt>
File: codigouno.jpg.jpeg Graphic file (type jpg)
<use codigouno.jpg.jpeg>
Package pdftex.def Info: codigouno.jpg.jpeg  used on input line 39.
(pdftex.def)             Requested size: 297.21266pt x 183.98878pt.
<codigodos.jpg.jpeg, id=12, 660.4675pt x 574.145pt>
File: codigodos.jpg.jpeg Graphic file (type jpg)
<use codigodos.jpg.jpeg>
Package pdftex.def Info: codigodos.jpg.jpeg  used on input line 43.
(pdftex.def)             Requested size: 330.23294pt x 287.0718pt.

Overfull \hbox (0.23294pt too wide) in paragraph at lines 43--44
[][] 
 []

[3 <./codigouno.jpg.jpeg>] [4 <./codigodos.jpg.jpeg>] (Presentacion.aux)
 ***********
LaTeX2e <2023-06-01> patch level 1
L3 programming layer <2023-06-30>
 ***********
 ) 
Here is how much of TeX's memory you used:
 1381 strings out of 475550
 23419 string characters out of 5765744
 1922238 words of memory out of 5000000
 22639 multiletter control sequences out of 15000+600000
 561116 words of font info for 46 fonts, out of 8000000 for 9000
 1141 hyphenation exceptions out of 8191
 57i,6n,65p,920b,114s stack positions out of 10000i,1000n,20000p,200000b,200000s
<C:/Users/fosythe´s family/New folder/fonts/type1/public/amsfonts/cm/cmbx12.
pfb><C:/Users/fosythe´s family/New folder/fonts/type1/public/amsfonts/cm/cmr10
.pfb><C:/Users/fosythe´s family/New folder/fonts/type1/public/amsfonts/cm/cmr1
2.pfb><C:/Users/fosythe´s family/New folder/fonts/type1/public/amsfonts/cm/cmr
17.pfb>
Output written on Presentacion.pdf (4 pages, 119474 bytes).
PDF statistics:
 37 PDF objects out of 1000 (max. 8388607)
 0 named destinations out of 1000 (max. 500000)
 11 words of extra memory for PDF output out of 10000 (max. 10000000)

